The system is: Linux - 3.16.0-41-generic - x86_64
Compiling the C compiler identification source file "CMakeCCompilerId.c" succeeded.
Compiler: /usr/bin/cc 
Build flags: ;
Id flags: 

The output was:
0


Compilation of the C compiler identification source "CMakeCCompilerId.c" produced "a.out"

The C compiler identification is GNU, found in "/home/snr/Support/Plus-build-codeblocks/OpenIGTLink-bin/CMakeFiles/2.8.12.2/CompilerIdC/a.out"

Compiling the CXX compiler identification source file "CMakeCXXCompilerId.cpp" succeeded.
Compiler: /usr/bin/c++ 
Build flags: ;
Id flags: 

The output was:
0


Compilation of the CXX compiler identification source "CMakeCXXCompilerId.cpp" produced "a.out"

The CXX compiler identification is GNU, found in "/home/snr/Support/Plus-build-codeblocks/OpenIGTLink-bin/CMakeFiles/2.8.12.2/CompilerIdCXX/a.out"

Determining if the C compiler works passed with the following output:
Change Dir: /home/snr/Support/Plus-build-codeblocks/OpenIGTLink-bin/CMakeFiles/CMakeTmp

Run Build Command:/usr/bin/make "cmTryCompileExec1926625146/fast"
make[3]: Entering directory `/home/snr/Support/Plus-build-codeblocks/OpenIGTLink-bin/CMakeFiles/CMakeTmp'
/usr/bin/make -f CMakeFiles/cmTryCompileExec1926625146.dir/build.make CMakeFiles/cmTryCompileExec1926625146.dir/build
make[4]: Entering directory `/home/snr/Support/Plus-build-codeblocks/OpenIGTLink-bin/CMakeFiles/CMakeTmp'
/usr/bin/cmake -E cmake_progress_report /home/snr/Support/Plus-build-codeblocks/OpenIGTLink-bin/CMakeFiles/CMakeTmp/CMakeFiles 1
Building C object CMakeFiles/cmTryCompileExec1926625146.dir/testCCompiler.c.o
/usr/bin/cc    -o CMakeFiles/cmTryCompileExec1926625146.dir/testCCompiler.c.o   -c /home/snr/Support/Plus-build-codeblocks/OpenIGTLink-bin/CMakeFiles/CMakeTmp/testCCompiler.c
Linking C executable cmTryCompileExec1926625146
/usr/bin/cmake -E cmake_link_script CMakeFiles/cmTryCompileExec1926625146.dir/link.txt --verbose=1
/usr/bin/cc        CMakeFiles/cmTryCompileExec1926625146.dir/testCCompiler.c.o  -o cmTryCompileExec1926625146 -rdynamic 
make[4]: Leaving directory `/home/snr/Support/Plus-build-codeblocks/OpenIGTLink-bin/CMakeFiles/CMakeTmp'
make[3]: Leaving directory `/home/snr/Support/Plus-build-codeblocks/OpenIGTLink-bin/CMakeFiles/CMakeTmp'


Detecting C compiler ABI info compiled with the following output:
Change Dir: /home/snr/Support/Plus-build-codeblocks/OpenIGTLink-bin/CMakeFiles/CMakeTmp

Run Build Command:/usr/bin/make "cmTryCompileExec269830964/fast"
make[3]: Entering directory `/home/snr/Support/Plus-build-codeblocks/OpenIGTLink-bin/CMakeFiles/CMakeTmp'
/usr/bin/make -f CMakeFiles/cmTryCompileExec269830964.dir/build.make CMakeFiles/cmTryCompileExec269830964.dir/build
make[4]: Entering directory `/home/snr/Support/Plus-build-codeblocks/OpenIGTLink-bin/CMakeFiles/CMakeTmp'
/usr/bin/cmake -E cmake_progress_report /home/snr/Support/Plus-build-codeblocks/OpenIGTLink-bin/CMakeFiles/CMakeTmp/CMakeFiles 1
Building C object CMakeFiles/cmTryCompileExec269830964.dir/CMakeCCompilerABI.c.o
/usr/bin/cc    -o CMakeFiles/cmTryCompileExec269830964.dir/CMakeCCompilerABI.c.o   -c /usr/share/cmake-2.8/Modules/CMakeCCompilerABI.c
Linking C executable cmTryCompileExec269830964
/usr/bin/cmake -E cmake_link_script CMakeFiles/cmTryCompileExec269830964.dir/link.txt --verbose=1
/usr/bin/cc      -v CMakeFiles/cmTryCompileExec269830964.dir/CMakeCCompilerABI.c.o  -o cmTryCompileExec269830964 -rdynamic  
Using built-in specs.
COLLECT_GCC=/usr/bin/cc
COLLECT_LTO_WRAPPER=/usr/lib/gcc/x86_64-linux-gnu/4.8/lto-wrapper
Target: x86_64-linux-gnu
Configured with: ../src/configure -v --with-pkgversion='Ubuntu 4.8.4-2ubuntu1~14.04' --with-bugurl=file:///usr/share/doc/gcc-4.8/README.Bugs --enable-languages=c,c++,java,go,d,fortran,objc,obj-c++ --prefix=/usr --program-suffix=-4.8 --enable-shared --enable-linker-build-id --libexecdir=/usr/lib --without-included-gettext --enable-threads=posix --with-gxx-include-dir=/usr/include/c++/4.8 --libdir=/usr/lib --enable-nls --with-sysroot=/ --enable-clocale=gnu --enable-libstdcxx-debug --enable-libstdcxx-time=yes --enable-gnu-unique-object --disable-libmudflap --enable-plugin --with-system-zlib --disable-browser-plugin --enable-java-awt=gtk --enable-gtk-cairo --with-java-home=/usr/lib/jvm/java-1.5.0-gcj-4.8-amd64/jre --enable-java-home --with-jvm-root-dir=/usr/lib/jvm/java-1.5.0-gcj-4.8-amd64 --with-jvm-jar-dir=/usr/lib/jvm-exports/java-1.5.0-gcj-4.8-amd64 --with-arch-directory=amd64 --with-ecj-jar=/usr/share/java/eclipse-ecj.jar --enable-objc-gc --enable-multiarch --disable-werror --with-arch-32=i686 --with-abi=m64 --with-multilib-list=m32,m64,mx32 --with-tune=generic --enable-checking=release --build=x86_64-linux-gnu --host=x86_64-linux-gnu --target=x86_64-linux-gnu
Thread model: posix
gcc version 4.8.4 (Ubuntu 4.8.4-2ubuntu1~14.04) 
COMPILER_PATH=/usr/lib/gcc/x86_64-linux-gnu/4.8/:/usr/lib/gcc/x86_64-linux-gnu/4.8/:/usr/lib/gcc/x86_64-linux-gnu/:/usr/lib/gcc/x86_64-linux-gnu/4.8/:/usr/lib/gcc/x86_64-linux-gnu/
LIBRARY_PATH=/usr/lib/gcc/x86_64-linux-gnu/4.8/:/usr/lib/gcc/x86_64-linux-gnu/4.8/../../../x86_64-linux-gnu/:/usr/lib/gcc/x86_64-linux-gnu/4.8/../../../../lib/:/lib/x86_64-linux-gnu/:/lib/../lib/:/usr/lib/x86_64-linux-gnu/:/usr/lib/../lib/:/usr/lib/gcc/x86_64-linux-gnu/4.8/../../../:/lib/:/usr/lib/
COLLECT_GCC_OPTIONS='-v' '-o' 'cmTryCompileExec269830964' '-rdynamic' '-mtune=generic' '-march=x86-64'
 /usr/lib/gcc/x86_64-linux-gnu/4.8/collect2 --sysroot=/ --build-id --eh-frame-hdr -m elf_x86_64 --hash-style=gnu --as-needed -export-dynamic -dynamic-linker /lib64/ld-linux-x86-64.so.2 -z relro -o cmTryCompileExec269830964 /usr/lib/gcc/x86_64-linux-gnu/4.8/../../../x86_64-linux-gnu/crt1.o /usr/lib/gcc/x86_64-linux-gnu/4.8/../../../x86_64-linux-gnu/crti.o /usr/lib/gcc/x86_64-linux-gnu/4.8/crtbegin.o -L/usr/lib/gcc/x86_64-linux-gnu/4.8 -L/usr/lib/gcc/x86_64-linux-gnu/4.8/../../../x86_64-linux-gnu -L/usr/lib/gcc/x86_64-linux-gnu/4.8/../../../../lib -L/lib/x86_64-linux-gnu -L/lib/../lib -L/usr/lib/x86_64-linux-gnu -L/usr/lib/../lib -L/usr/lib/gcc/x86_64-linux-gnu/4.8/../../.. CMakeFiles/cmTryCompileExec269830964.dir/CMakeCCompilerABI.c.o -lgcc --as-needed -lgcc_s --no-as-needed -lc -lgcc --as-needed -lgcc_s --no-as-needed /usr/lib/gcc/x86_64-linux-gnu/4.8/crtend.o /usr/lib/gcc/x86_64-linux-gnu/4.8/../../../x86_64-linux-gnu/crtn.o
make[4]: Leaving directory `/home/snr/Support/Plus-build-codeblocks/OpenIGTLink-bin/CMakeFiles/CMakeTmp'
make[3]: Leaving directory `/home/snr/Support/Plus-build-codeblocks/OpenIGTLink-bin/CMakeFiles/CMakeTmp'


Parsed C implicit link information from above output:
  link line regex: [^( *|.*[/\])(ld|([^/\]+-)?ld|collect2)[^/\]*( |$)]
  ignore line: [Change Dir: /home/snr/Support/Plus-build-codeblocks/OpenIGTLink-bin/CMakeFiles/CMakeTmp]
  ignore line: []
  ignore line: [Run Build Command:/usr/bin/make "cmTryCompileExec269830964/fast"]
  ignore line: [make[3]: Entering directory `/home/snr/Support/Plus-build-codeblocks/OpenIGTLink-bin/CMakeFiles/CMakeTmp']
  ignore line: [/usr/bin/make -f CMakeFiles/cmTryCompileExec269830964.dir/build.make CMakeFiles/cmTryCompileExec269830964.dir/build]
  ignore line: [make[4]: Entering directory `/home/snr/Support/Plus-build-codeblocks/OpenIGTLink-bin/CMakeFiles/CMakeTmp']
  ignore line: [/usr/bin/cmake -E cmake_progress_report /home/snr/Support/Plus-build-codeblocks/OpenIGTLink-bin/CMakeFiles/CMakeTmp/CMakeFiles 1]
  ignore line: [Building C object CMakeFiles/cmTryCompileExec269830964.dir/CMakeCCompilerABI.c.o]
  ignore line: [/usr/bin/cc    -o CMakeFiles/cmTryCompileExec269830964.dir/CMakeCCompilerABI.c.o   -c /usr/share/cmake-2.8/Modules/CMakeCCompilerABI.c]
  ignore line: [Linking C executable cmTryCompileExec269830964]
  ignore line: [/usr/bin/cmake -E cmake_link_script CMakeFiles/cmTryCompileExec269830964.dir/link.txt --verbose=1]
  ignore line: [/usr/bin/cc      -v CMakeFiles/cmTryCompileExec269830964.dir/CMakeCCompilerABI.c.o  -o cmTryCompileExec269830964 -rdynamic  ]
  ignore line: [Using built-in specs.]
  ignore line: [COLLECT_GCC=/usr/bin/cc]
  ignore line: [COLLECT_LTO_WRAPPER=/usr/lib/gcc/x86_64-linux-gnu/4.8/lto-wrapper]
  ignore line: [Target: x86_64-linux-gnu]
  ignore line: [Configured with: ../src/configure -v --with-pkgversion='Ubuntu 4.8.4-2ubuntu1~14.04' --with-bugurl=file:///usr/share/doc/gcc-4.8/README.Bugs --enable-languages=c,c++,java,go,d,fortran,objc,obj-c++ --prefix=/usr --program-suffix=-4.8 --enable-shared --enable-linker-build-id --libexecdir=/usr/lib --without-included-gettext --enable-threads=posix --with-gxx-include-dir=/usr/include/c++/4.8 --libdir=/usr/lib --enable-nls --with-sysroot=/ --enable-clocale=gnu --enable-libstdcxx-debug --enable-libstdcxx-time=yes --enable-gnu-unique-object --disable-libmudflap --enable-plugin --with-system-zlib --disable-browser-plugin --enable-java-awt=gtk --enable-gtk-cairo --with-java-home=/usr/lib/jvm/java-1.5.0-gcj-4.8-amd64/jre --enable-java-home --with-jvm-root-dir=/usr/lib/jvm/java-1.5.0-gcj-4.8-amd64 --with-jvm-jar-dir=/usr/lib/jvm-exports/java-1.5.0-gcj-4.8-amd64 --with-arch-directory=amd64 --with-ecj-jar=/usr/share/java/eclipse-ecj.jar --enable-objc-gc --enable-multiarch --disable-werror --with-arch-32=i686 --with-abi=m64 --with-multilib-list=m32,m64,mx32 --with-tune=generic --enable-checking=release --build=x86_64-linux-gnu --host=x86_64-linux-gnu --target=x86_64-linux-gnu]
  ignore line: [Thread model: posix]
  ignore line: [gcc version 4.8.4 (Ubuntu 4.8.4-2ubuntu1~14.04) ]
  ignore line: [COMPILER_PATH=/usr/lib/gcc/x86_64-linux-gnu/4.8/:/usr/lib/gcc/x86_64-linux-gnu/4.8/:/usr/lib/gcc/x86_64-linux-gnu/:/usr/lib/gcc/x86_64-linux-gnu/4.8/:/usr/lib/gcc/x86_64-linux-gnu/]
  ignore line: [LIBRARY_PATH=/usr/lib/gcc/x86_64-linux-gnu/4.8/:/usr/lib/gcc/x86_64-linux-gnu/4.8/../../../x86_64-linux-gnu/:/usr/lib/gcc/x86_64-linux-gnu/4.8/../../../../lib/:/lib/x86_64-linux-gnu/:/lib/../lib/:/usr/lib/x86_64-linux-gnu/:/usr/lib/../lib/:/usr/lib/gcc/x86_64-linux-gnu/4.8/../../../:/lib/:/usr/lib/]
  ignore line: [COLLECT_GCC_OPTIONS='-v' '-o' 'cmTryCompileExec269830964' '-rdynamic' '-mtune=generic' '-march=x86-64']
  link line: [ /usr/lib/gcc/x86_64-linux-gnu/4.8/collect2 --sysroot=/ --build-id --eh-frame-hdr -m elf_x86_64 --hash-style=gnu --as-needed -export-dynamic -dynamic-linker /lib64/ld-linux-x86-64.so.2 -z relro -o cmTryCompileExec269830964 /usr/lib/gcc/x86_64-linux-gnu/4.8/../../../x86_64-linux-gnu/crt1.o /usr/lib/gcc/x86_64-linux-gnu/4.8/../../../x86_64-linux-gnu/crti.o /usr/lib/gcc/x86_64-linux-gnu/4.8/crtbegin.o -L/usr/lib/gcc/x86_64-linux-gnu/4.8 -L/usr/lib/gcc/x86_64-linux-gnu/4.8/../../../x86_64-linux-gnu -L/usr/lib/gcc/x86_64-linux-gnu/4.8/../../../../lib -L/lib/x86_64-linux-gnu -L/lib/../lib -L/usr/lib/x86_64-linux-gnu -L/usr/lib/../lib -L/usr/lib/gcc/x86_64-linux-gnu/4.8/../../.. CMakeFiles/cmTryCompileExec269830964.dir/CMakeCCompilerABI.c.o -lgcc --as-needed -lgcc_s --no-as-needed -lc -lgcc --as-needed -lgcc_s --no-as-needed /usr/lib/gcc/x86_64-linux-gnu/4.8/crtend.o /usr/lib/gcc/x86_64-linux-gnu/4.8/../../../x86_64-linux-gnu/crtn.o]
    arg [/usr/lib/gcc/x86_64-linux-gnu/4.8/collect2] ==> ignore
    arg [--sysroot=/] ==> ignore
    arg [--build-id] ==> ignore
    arg [--eh-frame-hdr] ==> ignore
    arg [-m] ==> ignore
    arg [elf_x86_64] ==> ignore
    arg [--hash-style=gnu] ==> ignore
    arg [--as-needed] ==> ignore
    arg [-export-dynamic] ==> ignore
    arg [-dynamic-linker] ==> ignore
    arg [/lib64/ld-linux-x86-64.so.2] ==> ignore
    arg [-zrelro] ==> ignore
    arg [-o] ==> ignore
    arg [cmTryCompileExec269830964] ==> ignore
    arg [/usr/lib/gcc/x86_64-linux-gnu/4.8/../../../x86_64-linux-gnu/crt1.o] ==> ignore
    arg [/usr/lib/gcc/x86_64-linux-gnu/4.8/../../../x86_64-linux-gnu/crti.o] ==> ignore
    arg [/usr/lib/gcc/x86_64-linux-gnu/4.8/crtbegin.o] ==> ignore
    arg [-L/usr/lib/gcc/x86_64-linux-gnu/4.8] ==> dir [/usr/lib/gcc/x86_64-linux-gnu/4.8]
    arg [-L/usr/lib/gcc/x86_64-linux-gnu/4.8/../../../x86_64-linux-gnu] ==> dir [/usr/lib/gcc/x86_64-linux-gnu/4.8/../../../x86_64-linux-gnu]
    arg [-L/usr/lib/gcc/x86_64-linux-gnu/4.8/../../../../lib] ==> dir [/usr/lib/gcc/x86_64-linux-gnu/4.8/../../../../lib]
    arg [-L/lib/x86_64-linux-gnu] ==> dir [/lib/x86_64-linux-gnu]
    arg [-L/lib/../lib] ==> dir [/lib/../lib]
    arg [-L/usr/lib/x86_64-linux-gnu] ==> dir [/usr/lib/x86_64-linux-gnu]
    arg [-L/usr/lib/../lib] ==> dir [/usr/lib/../lib]
    arg [-L/usr/lib/gcc/x86_64-linux-gnu/4.8/../../..] ==> dir [/usr/lib/gcc/x86_64-linux-gnu/4.8/../../..]
    arg [CMakeFiles/cmTryCompileExec269830964.dir/CMakeCCompilerABI.c.o] ==> ignore
    arg [-lgcc] ==> lib [gcc]
    arg [--as-needed] ==> ignore
    arg [-lgcc_s] ==> lib [gcc_s]
    arg [--no-as-needed] ==> ignore
    arg [-lc] ==> lib [c]
    arg [-lgcc] ==> lib [gcc]
    arg [--as-needed] ==> ignore
    arg [-lgcc_s] ==> lib [gcc_s]
    arg [--no-as-needed] ==> ignore
    arg [/usr/lib/gcc/x86_64-linux-gnu/4.8/crtend.o] ==> ignore
    arg [/usr/lib/gcc/x86_64-linux-gnu/4.8/../../../x86_64-linux-gnu/crtn.o] ==> ignore
  remove lib [gcc]
  remove lib [gcc_s]
  remove lib [gcc]
  remove lib [gcc_s]
  collapse library dir [/usr/lib/gcc/x86_64-linux-gnu/4.8] ==> [/usr/lib/gcc/x86_64-linux-gnu/4.8]
  collapse library dir [/usr/lib/gcc/x86_64-linux-gnu/4.8/../../../x86_64-linux-gnu] ==> [/usr/lib/x86_64-linux-gnu]
  collapse library dir [/usr/lib/gcc/x86_64-linux-gnu/4.8/../../../../lib] ==> [/usr/lib]
  collapse library dir [/lib/x86_64-linux-gnu] ==> [/lib/x86_64-linux-gnu]
  collapse library dir [/lib/../lib] ==> [/lib]
  collapse library dir [/usr/lib/x86_64-linux-gnu] ==> [/usr/lib/x86_64-linux-gnu]
  collapse library dir [/usr/lib/../lib] ==> [/usr/lib]
  collapse library dir [/usr/lib/gcc/x86_64-linux-gnu/4.8/../../..] ==> [/usr/lib]
  implicit libs: [c]
  implicit dirs: [/usr/lib/gcc/x86_64-linux-gnu/4.8;/usr/lib/x86_64-linux-gnu;/usr/lib;/lib/x86_64-linux-gnu;/lib]
  implicit fwks: []


Determining if the CXX compiler works passed with the following output:
Change Dir: /home/snr/Support/Plus-build-codeblocks/OpenIGTLink-bin/CMakeFiles/CMakeTmp

Run Build Command:/usr/bin/make "cmTryCompileExec1503523356/fast"
make[3]: Entering directory `/home/snr/Support/Plus-build-codeblocks/OpenIGTLink-bin/CMakeFiles/CMakeTmp'
/usr/bin/make -f CMakeFiles/cmTryCompileExec1503523356.dir/build.make CMakeFiles/cmTryCompileExec1503523356.dir/build
make[4]: Entering directory `/home/snr/Support/Plus-build-codeblocks/OpenIGTLink-bin/CMakeFiles/CMakeTmp'
/usr/bin/cmake -E cmake_progress_report /home/snr/Support/Plus-build-codeblocks/OpenIGTLink-bin/CMakeFiles/CMakeTmp/CMakeFiles 1
Building CXX object CMakeFiles/cmTryCompileExec1503523356.dir/testCXXCompiler.cxx.o
/usr/bin/c++     -o CMakeFiles/cmTryCompileExec1503523356.dir/testCXXCompiler.cxx.o -c /home/snr/Support/Plus-build-codeblocks/OpenIGTLink-bin/CMakeFiles/CMakeTmp/testCXXCompiler.cxx
Linking CXX executable cmTryCompileExec1503523356
/usr/bin/cmake -E cmake_link_script CMakeFiles/cmTryCompileExec1503523356.dir/link.txt --verbose=1
/usr/bin/c++         CMakeFiles/cmTryCompileExec1503523356.dir/testCXXCompiler.cxx.o  -o cmTryCompileExec1503523356 -rdynamic 
make[4]: Leaving directory `/home/snr/Support/Plus-build-codeblocks/OpenIGTLink-bin/CMakeFiles/CMakeTmp'
make[3]: Leaving directory `/home/snr/Support/Plus-build-codeblocks/OpenIGTLink-bin/CMakeFiles/CMakeTmp'


Detecting CXX compiler ABI info compiled with the following output:
Change Dir: /home/snr/Support/Plus-build-codeblocks/OpenIGTLink-bin/CMakeFiles/CMakeTmp

Run Build Command:/usr/bin/make "cmTryCompileExec3390093659/fast"
make[3]: Entering directory `/home/snr/Support/Plus-build-codeblocks/OpenIGTLink-bin/CMakeFiles/CMakeTmp'
/usr/bin/make -f CMakeFiles/cmTryCompileExec3390093659.dir/build.make CMakeFiles/cmTryCompileExec3390093659.dir/build
make[4]: Entering directory `/home/snr/Support/Plus-build-codeblocks/OpenIGTLink-bin/CMakeFiles/CMakeTmp'
/usr/bin/cmake -E cmake_progress_report /home/snr/Support/Plus-build-codeblocks/OpenIGTLink-bin/CMakeFiles/CMakeTmp/CMakeFiles 1
Building CXX object CMakeFiles/cmTryCompileExec3390093659.dir/CMakeCXXCompilerABI.cpp.o
/usr/bin/c++     -o CMakeFiles/cmTryCompileExec3390093659.dir/CMakeCXXCompilerABI.cpp.o -c /usr/share/cmake-2.8/Modules/CMakeCXXCompilerABI.cpp
Linking CXX executable cmTryCompileExec3390093659
/usr/bin/cmake -E cmake_link_script CMakeFiles/cmTryCompileExec3390093659.dir/link.txt --verbose=1
/usr/bin/c++       -v CMakeFiles/cmTryCompileExec3390093659.dir/CMakeCXXCompilerABI.cpp.o  -o cmTryCompileExec3390093659 -rdynamic  
Using built-in specs.
COLLECT_GCC=/usr/bin/c++
COLLECT_LTO_WRAPPER=/usr/lib/gcc/x86_64-linux-gnu/4.8/lto-wrapper
Target: x86_64-linux-gnu
Configured with: ../src/configure -v --with-pkgversion='Ubuntu 4.8.4-2ubuntu1~14.04' --with-bugurl=file:///usr/share/doc/gcc-4.8/README.Bugs --enable-languages=c,c++,java,go,d,fortran,objc,obj-c++ --prefix=/usr --program-suffix=-4.8 --enable-shared --enable-linker-build-id --libexecdir=/usr/lib --without-included-gettext --enable-threads=posix --with-gxx-include-dir=/usr/include/c++/4.8 --libdir=/usr/lib --enable-nls --with-sysroot=/ --enable-clocale=gnu --enable-libstdcxx-debug --enable-libstdcxx-time=yes --enable-gnu-unique-object --disable-libmudflap --enable-plugin --with-system-zlib --disable-browser-plugin --enable-java-awt=gtk --enable-gtk-cairo --with-java-home=/usr/lib/jvm/java-1.5.0-gcj-4.8-amd64/jre --enable-java-home --with-jvm-root-dir=/usr/lib/jvm/java-1.5.0-gcj-4.8-amd64 --with-jvm-jar-dir=/usr/lib/jvm-exports/java-1.5.0-gcj-4.8-amd64 --with-arch-directory=amd64 --with-ecj-jar=/usr/share/java/eclipse-ecj.jar --enable-objc-gc --enable-multiarch --disable-werror --with-arch-32=i686 --with-abi=m64 --with-multilib-list=m32,m64,mx32 --with-tune=generic --enable-checking=release --build=x86_64-linux-gnu --host=x86_64-linux-gnu --target=x86_64-linux-gnu
Thread model: posix
gcc version 4.8.4 (Ubuntu 4.8.4-2ubuntu1~14.04) 
COMPILER_PATH=/usr/lib/gcc/x86_64-linux-gnu/4.8/:/usr/lib/gcc/x86_64-linux-gnu/4.8/:/usr/lib/gcc/x86_64-linux-gnu/:/usr/lib/gcc/x86_64-linux-gnu/4.8/:/usr/lib/gcc/x86_64-linux-gnu/
LIBRARY_PATH=/usr/lib/gcc/x86_64-linux-gnu/4.8/:/usr/lib/gcc/x86_64-linux-gnu/4.8/../../../x86_64-linux-gnu/:/usr/lib/gcc/x86_64-linux-gnu/4.8/../../../../lib/:/lib/x86_64-linux-gnu/:/lib/../lib/:/usr/lib/x86_64-linux-gnu/:/usr/lib/../lib/:/usr/lib/gcc/x86_64-linux-gnu/4.8/../../../:/lib/:/usr/lib/
COLLECT_GCC_OPTIONS='-v' '-o' 'cmTryCompileExec3390093659' '-rdynamic' '-shared-libgcc' '-mtune=generic' '-march=x86-64'
 /usr/lib/gcc/x86_64-linux-gnu/4.8/collect2 --sysroot=/ --build-id --eh-frame-hdr -m elf_x86_64 --hash-style=gnu --as-needed -export-dynamic -dynamic-linker /lib64/ld-linux-x86-64.so.2 -z relro -o cmTryCompileExec3390093659 /usr/lib/gcc/x86_64-linux-gnu/4.8/../../../x86_64-linux-gnu/crt1.o /usr/lib/gcc/x86_64-linux-gnu/4.8/../../../x86_64-linux-gnu/crti.o /usr/lib/gcc/x86_64-linux-gnu/4.8/crtbegin.o -L/usr/lib/gcc/x86_64-linux-gnu/4.8 -L/usr/lib/gcc/x86_64-linux-gnu/4.8/../../../x86_64-linux-gnu -L/usr/lib/gcc/x86_64-linux-gnu/4.8/../../../../lib -L/lib/x86_64-linux-gnu -L/lib/../lib -L/usr/lib/x86_64-linux-gnu -L/usr/lib/../lib -L/usr/lib/gcc/x86_64-linux-gnu/4.8/../../.. CMakeFiles/cmTryCompileExec3390093659.dir/CMakeCXXCompilerABI.cpp.o -lstdc++ -lm -lgcc_s -lgcc -lc -lgcc_s -lgcc /usr/lib/gcc/x86_64-linux-gnu/4.8/crtend.o /usr/lib/gcc/x86_64-linux-gnu/4.8/../../../x86_64-linux-gnu/crtn.o
make[4]: Leaving directory `/home/snr/Support/Plus-build-codeblocks/OpenIGTLink-bin/CMakeFiles/CMakeTmp'
make[3]: Leaving directory `/home/snr/Support/Plus-build-codeblocks/OpenIGTLink-bin/CMakeFiles/CMakeTmp'


Parsed CXX implicit link information from above output:
  link line regex: [^( *|.*[/\])(ld|([^/\]+-)?ld|collect2)[^/\]*( |$)]
  ignore line: [Change Dir: /home/snr/Support/Plus-build-codeblocks/OpenIGTLink-bin/CMakeFiles/CMakeTmp]
  ignore line: []
  ignore line: [Run Build Command:/usr/bin/make "cmTryCompileExec3390093659/fast"]
  ignore line: [make[3]: Entering directory `/home/snr/Support/Plus-build-codeblocks/OpenIGTLink-bin/CMakeFiles/CMakeTmp']
  ignore line: [/usr/bin/make -f CMakeFiles/cmTryCompileExec3390093659.dir/build.make CMakeFiles/cmTryCompileExec3390093659.dir/build]
  ignore line: [make[4]: Entering directory `/home/snr/Support/Plus-build-codeblocks/OpenIGTLink-bin/CMakeFiles/CMakeTmp']
  ignore line: [/usr/bin/cmake -E cmake_progress_report /home/snr/Support/Plus-build-codeblocks/OpenIGTLink-bin/CMakeFiles/CMakeTmp/CMakeFiles 1]
  ignore line: [Building CXX object CMakeFiles/cmTryCompileExec3390093659.dir/CMakeCXXCompilerABI.cpp.o]
  ignore line: [/usr/bin/c++     -o CMakeFiles/cmTryCompileExec3390093659.dir/CMakeCXXCompilerABI.cpp.o -c /usr/share/cmake-2.8/Modules/CMakeCXXCompilerABI.cpp]
  ignore line: [Linking CXX executable cmTryCompileExec3390093659]
  ignore line: [/usr/bin/cmake -E cmake_link_script CMakeFiles/cmTryCompileExec3390093659.dir/link.txt --verbose=1]
  ignore line: [/usr/bin/c++       -v CMakeFiles/cmTryCompileExec3390093659.dir/CMakeCXXCompilerABI.cpp.o  -o cmTryCompileExec3390093659 -rdynamic  ]
  ignore line: [Using built-in specs.]
  ignore line: [COLLECT_GCC=/usr/bin/c++]
  ignore line: [COLLECT_LTO_WRAPPER=/usr/lib/gcc/x86_64-linux-gnu/4.8/lto-wrapper]
  ignore line: [Target: x86_64-linux-gnu]
  ignore line: [Configured with: ../src/configure -v --with-pkgversion='Ubuntu 4.8.4-2ubuntu1~14.04' --with-bugurl=file:///usr/share/doc/gcc-4.8/README.Bugs --enable-languages=c,c++,java,go,d,fortran,objc,obj-c++ --prefix=/usr --program-suffix=-4.8 --enable-shared --enable-linker-build-id --libexecdir=/usr/lib --without-included-gettext --enable-threads=posix --with-gxx-include-dir=/usr/include/c++/4.8 --libdir=/usr/lib --enable-nls --with-sysroot=/ --enable-clocale=gnu --enable-libstdcxx-debug --enable-libstdcxx-time=yes --enable-gnu-unique-object --disable-libmudflap --enable-plugin --with-system-zlib --disable-browser-plugin --enable-java-awt=gtk --enable-gtk-cairo --with-java-home=/usr/lib/jvm/java-1.5.0-gcj-4.8-amd64/jre --enable-java-home --with-jvm-root-dir=/usr/lib/jvm/java-1.5.0-gcj-4.8-amd64 --with-jvm-jar-dir=/usr/lib/jvm-exports/java-1.5.0-gcj-4.8-amd64 --with-arch-directory=amd64 --with-ecj-jar=/usr/share/java/eclipse-ecj.jar --enable-objc-gc --enable-multiarch --disable-werror --with-arch-32=i686 --with-abi=m64 --with-multilib-list=m32,m64,mx32 --with-tune=generic --enable-checking=release --build=x86_64-linux-gnu --host=x86_64-linux-gnu --target=x86_64-linux-gnu]
  ignore line: [Thread model: posix]
  ignore line: [gcc version 4.8.4 (Ubuntu 4.8.4-2ubuntu1~14.04) ]
  ignore line: [COMPILER_PATH=/usr/lib/gcc/x86_64-linux-gnu/4.8/:/usr/lib/gcc/x86_64-linux-gnu/4.8/:/usr/lib/gcc/x86_64-linux-gnu/:/usr/lib/gcc/x86_64-linux-gnu/4.8/:/usr/lib/gcc/x86_64-linux-gnu/]
  ignore line: [LIBRARY_PATH=/usr/lib/gcc/x86_64-linux-gnu/4.8/:/usr/lib/gcc/x86_64-linux-gnu/4.8/../../../x86_64-linux-gnu/:/usr/lib/gcc/x86_64-linux-gnu/4.8/../../../../lib/:/lib/x86_64-linux-gnu/:/lib/../lib/:/usr/lib/x86_64-linux-gnu/:/usr/lib/../lib/:/usr/lib/gcc/x86_64-linux-gnu/4.8/../../../:/lib/:/usr/lib/]
  ignore line: [COLLECT_GCC_OPTIONS='-v' '-o' 'cmTryCompileExec3390093659' '-rdynamic' '-shared-libgcc' '-mtune=generic' '-march=x86-64']
  link line: [ /usr/lib/gcc/x86_64-linux-gnu/4.8/collect2 --sysroot=/ --build-id --eh-frame-hdr -m elf_x86_64 --hash-style=gnu --as-needed -export-dynamic -dynamic-linker /lib64/ld-linux-x86-64.so.2 -z relro -o cmTryCompileExec3390093659 /usr/lib/gcc/x86_64-linux-gnu/4.8/../../../x86_64-linux-gnu/crt1.o /usr/lib/gcc/x86_64-linux-gnu/4.8/../../../x86_64-linux-gnu/crti.o /usr/lib/gcc/x86_64-linux-gnu/4.8/crtbegin.o -L/usr/lib/gcc/x86_64-linux-gnu/4.8 -L/usr/lib/gcc/x86_64-linux-gnu/4.8/../../../x86_64-linux-gnu -L/usr/lib/gcc/x86_64-linux-gnu/4.8/../../../../lib -L/lib/x86_64-linux-gnu -L/lib/../lib -L/usr/lib/x86_64-linux-gnu -L/usr/lib/../lib -L/usr/lib/gcc/x86_64-linux-gnu/4.8/../../.. CMakeFiles/cmTryCompileExec3390093659.dir/CMakeCXXCompilerABI.cpp.o -lstdc++ -lm -lgcc_s -lgcc -lc -lgcc_s -lgcc /usr/lib/gcc/x86_64-linux-gnu/4.8/crtend.o /usr/lib/gcc/x86_64-linux-gnu/4.8/../../../x86_64-linux-gnu/crtn.o]
    arg [/usr/lib/gcc/x86_64-linux-gnu/4.8/collect2] ==> ignore
    arg [--sysroot=/] ==> ignore
    arg [--build-id] ==> ignore
    arg [--eh-frame-hdr] ==> ignore
    arg [-m] ==> ignore
    arg [elf_x86_64] ==> ignore
    arg [--hash-style=gnu] ==> ignore
    arg [--as-needed] ==> ignore
    arg [-export-dynamic] ==> ignore
    arg [-dynamic-linker] ==> ignore
    arg [/lib64/ld-linux-x86-64.so.2] ==> ignore
    arg [-zrelro] ==> ignore
    arg [-o] ==> ignore
    arg [cmTryCompileExec3390093659] ==> ignore
    arg [/usr/lib/gcc/x86_64-linux-gnu/4.8/../../../x86_64-linux-gnu/crt1.o] ==> ignore
    arg [/usr/lib/gcc/x86_64-linux-gnu/4.8/../../../x86_64-linux-gnu/crti.o] ==> ignore
    arg [/usr/lib/gcc/x86_64-linux-gnu/4.8/crtbegin.o] ==> ignore
    arg [-L/usr/lib/gcc/x86_64-linux-gnu/4.8] ==> dir [/usr/lib/gcc/x86_64-linux-gnu/4.8]
    arg [-L/usr/lib/gcc/x86_64-linux-gnu/4.8/../../../x86_64-linux-gnu] ==> dir [/usr/lib/gcc/x86_64-linux-gnu/4.8/../../../x86_64-linux-gnu]
    arg [-L/usr/lib/gcc/x86_64-linux-gnu/4.8/../../../../lib] ==> dir [/usr/lib/gcc/x86_64-linux-gnu/4.8/../../../../lib]
    arg [-L/lib/x86_64-linux-gnu] ==> dir [/lib/x86_64-linux-gnu]
    arg [-L/lib/../lib] ==> dir [/lib/../lib]
    arg [-L/usr/lib/x86_64-linux-gnu] ==> dir [/usr/lib/x86_64-linux-gnu]
    arg [-L/usr/lib/../lib] ==> dir [/usr/lib/../lib]
    arg [-L/usr/lib/gcc/x86_64-linux-gnu/4.8/../../..] ==> dir [/usr/lib/gcc/x86_64-linux-gnu/4.8/../../..]
    arg [CMakeFiles/cmTryCompileExec3390093659.dir/CMakeCXXCompilerABI.cpp.o] ==> ignore
    arg [-lstdc++] ==> lib [stdc++]
    arg [-lm] ==> lib [m]
    arg [-lgcc_s] ==> lib [gcc_s]
    arg [-lgcc] ==> lib [gcc]
    arg [-lc] ==> lib [c]
    arg [-lgcc_s] ==> lib [gcc_s]
    arg [-lgcc] ==> lib [gcc]
    arg [/usr/lib/gcc/x86_64-linux-gnu/4.8/crtend.o] ==> ignore
    arg [/usr/lib/gcc/x86_64-linux-gnu/4.8/../../../x86_64-linux-gnu/crtn.o] ==> ignore
  remove lib [gcc_s]
  remove lib [gcc]
  remove lib [gcc_s]
  remove lib [gcc]
  collapse library dir [/usr/lib/gcc/x86_64-linux-gnu/4.8] ==> [/usr/lib/gcc/x86_64-linux-gnu/4.8]
  collapse library dir [/usr/lib/gcc/x86_64-linux-gnu/4.8/../../../x86_64-linux-gnu] ==> [/usr/lib/x86_64-linux-gnu]
  collapse library dir [/usr/lib/gcc/x86_64-linux-gnu/4.8/../../../../lib] ==> [/usr/lib]
  collapse library dir [/lib/x86_64-linux-gnu] ==> [/lib/x86_64-linux-gnu]
  collapse library dir [/lib/../lib] ==> [/lib]
  collapse library dir [/usr/lib/x86_64-linux-gnu] ==> [/usr/lib/x86_64-linux-gnu]
  collapse library dir [/usr/lib/../lib] ==> [/usr/lib]
  collapse library dir [/usr/lib/gcc/x86_64-linux-gnu/4.8/../../..] ==> [/usr/lib]
  implicit libs: [stdc++;m;c]
  implicit dirs: [/usr/lib/gcc/x86_64-linux-gnu/4.8;/usr/lib/x86_64-linux-gnu;/usr/lib;/lib/x86_64-linux-gnu;/lib]
  implicit fwks: []


Determining if files pthread.h exist passed with the following output:
Change Dir: /home/snr/Support/Plus-build-codeblocks/OpenIGTLink-bin/CMakeFiles/CMakeTmp

Run Build Command:/usr/bin/make "cmTryCompileExec480857315/fast"
make[3]: Entering directory `/home/snr/Support/Plus-build-codeblocks/OpenIGTLink-bin/CMakeFiles/CMakeTmp'
/usr/bin/make -f CMakeFiles/cmTryCompileExec480857315.dir/build.make CMakeFiles/cmTryCompileExec480857315.dir/build
make[4]: Entering directory `/home/snr/Support/Plus-build-codeblocks/OpenIGTLink-bin/CMakeFiles/CMakeTmp'
/usr/bin/cmake -E cmake_progress_report /home/snr/Support/Plus-build-codeblocks/OpenIGTLink-bin/CMakeFiles/CMakeTmp/CMakeFiles 1
Building C object CMakeFiles/cmTryCompileExec480857315.dir/CheckIncludeFiles.c.o
/usr/bin/cc    -o CMakeFiles/cmTryCompileExec480857315.dir/CheckIncludeFiles.c.o   -c /home/snr/Support/Plus-build-codeblocks/OpenIGTLink-bin/CMakeFiles/CMakeTmp/CheckIncludeFiles.c
Linking C executable cmTryCompileExec480857315
/usr/bin/cmake -E cmake_link_script CMakeFiles/cmTryCompileExec480857315.dir/link.txt --verbose=1
/usr/bin/cc        CMakeFiles/cmTryCompileExec480857315.dir/CheckIncludeFiles.c.o  -o cmTryCompileExec480857315 -rdynamic 
make[4]: Leaving directory `/home/snr/Support/Plus-build-codeblocks/OpenIGTLink-bin/CMakeFiles/CMakeTmp'
make[3]: Leaving directory `/home/snr/Support/Plus-build-codeblocks/OpenIGTLink-bin/CMakeFiles/CMakeTmp'


Determining if the function pthread_create exists in the pthread passed with the following output:
Change Dir: /home/snr/Support/Plus-build-codeblocks/OpenIGTLink-bin/CMakeFiles/CMakeTmp

Run Build Command:/usr/bin/make "cmTryCompileExec2301141764/fast"
make[3]: Entering directory `/home/snr/Support/Plus-build-codeblocks/OpenIGTLink-bin/CMakeFiles/CMakeTmp'
/usr/bin/make -f CMakeFiles/cmTryCompileExec2301141764.dir/build.make CMakeFiles/cmTryCompileExec2301141764.dir/build
make[4]: Entering directory `/home/snr/Support/Plus-build-codeblocks/OpenIGTLink-bin/CMakeFiles/CMakeTmp'
/usr/bin/cmake -E cmake_progress_report /home/snr/Support/Plus-build-codeblocks/OpenIGTLink-bin/CMakeFiles/CMakeTmp/CMakeFiles 1
Building C object CMakeFiles/cmTryCompileExec2301141764.dir/CheckFunctionExists.c.o
/usr/bin/cc   -DCHECK_FUNCTION_EXISTS=pthread_create   -o CMakeFiles/cmTryCompileExec2301141764.dir/CheckFunctionExists.c.o   -c /usr/share/cmake-2.8/Modules/CheckFunctionExists.c
Linking C executable cmTryCompileExec2301141764
/usr/bin/cmake -E cmake_link_script CMakeFiles/cmTryCompileExec2301141764.dir/link.txt --verbose=1
/usr/bin/cc    -DCHECK_FUNCTION_EXISTS=pthread_create    CMakeFiles/cmTryCompileExec2301141764.dir/CheckFunctionExists.c.o  -o cmTryCompileExec2301141764 -rdynamic -lpthread 
make[4]: Leaving directory `/home/snr/Support/Plus-build-codeblocks/OpenIGTLink-bin/CMakeFiles/CMakeTmp'
make[3]: Leaving directory `/home/snr/Support/Plus-build-codeblocks/OpenIGTLink-bin/CMakeFiles/CMakeTmp'


Performing C++ SOURCE FILE Test OpenIGTLink_GNUCXX_TREE_VECTORIZE_SUPPORT succeded with the following output:
Change Dir: /home/snr/Support/Plus-build-codeblocks/OpenIGTLink-bin/CMakeFiles/CMakeTmp

Run Build Command:/usr/bin/make "cmTryCompileExec3812077926/fast"
make[3]: Entering directory `/home/snr/Support/Plus-build-codeblocks/OpenIGTLink-bin/CMakeFiles/CMakeTmp'
/usr/bin/make -f CMakeFiles/cmTryCompileExec3812077926.dir/build.make CMakeFiles/cmTryCompileExec3812077926.dir/build
make[4]: Entering directory `/home/snr/Support/Plus-build-codeblocks/OpenIGTLink-bin/CMakeFiles/CMakeTmp'
/usr/bin/cmake -E cmake_progress_report /home/snr/Support/Plus-build-codeblocks/OpenIGTLink-bin/CMakeFiles/CMakeTmp/CMakeFiles 1
Building CXX object CMakeFiles/cmTryCompileExec3812077926.dir/src.cxx.o
/usr/bin/c++    -DOpenIGTLink_GNUCXX_TREE_VECTORIZE_SUPPORT   -fno-tree-vectorize -o CMakeFiles/cmTryCompileExec3812077926.dir/src.cxx.o -c /home/snr/Support/Plus-build-codeblocks/OpenIGTLink-bin/CMakeFiles/CMakeTmp/src.cxx
Linking CXX executable cmTryCompileExec3812077926
/usr/bin/cmake -E cmake_link_script CMakeFiles/cmTryCompileExec3812077926.dir/link.txt --verbose=1
/usr/bin/c++     -DOpenIGTLink_GNUCXX_TREE_VECTORIZE_SUPPORT    CMakeFiles/cmTryCompileExec3812077926.dir/src.cxx.o  -o cmTryCompileExec3812077926 -rdynamic 
make[4]: Leaving directory `/home/snr/Support/Plus-build-codeblocks/OpenIGTLink-bin/CMakeFiles/CMakeTmp'
make[3]: Leaving directory `/home/snr/Support/Plus-build-codeblocks/OpenIGTLink-bin/CMakeFiles/CMakeTmp'

Source file was:
int main() { return 0;}
Determining if getsockname accepts socklen_t type  passed with the following output:
Change Dir: /home/snr/Support/Plus-build-codeblocks/OpenIGTLink-bin/CMakeTmp/SocklenT/CMakeFiles/CMakeTmp

Run Build Command:/usr/bin/make "cmTryCompileExec573521413/fast"
make[3]: Entering directory `/home/snr/Support/Plus-build-codeblocks/OpenIGTLink-bin/CMakeTmp/SocklenT/CMakeFiles/CMakeTmp'
/usr/bin/make -f CMakeFiles/cmTryCompileExec573521413.dir/build.make CMakeFiles/cmTryCompileExec573521413.dir/build
make[4]: Entering directory `/home/snr/Support/Plus-build-codeblocks/OpenIGTLink-bin/CMakeTmp/SocklenT/CMakeFiles/CMakeTmp'
/usr/bin/cmake -E cmake_progress_report /home/snr/Support/Plus-build-codeblocks/OpenIGTLink-bin/CMakeTmp/SocklenT/CMakeFiles/CMakeTmp/CMakeFiles 1
Building CXX object CMakeFiles/cmTryCompileExec573521413.dir/igtlTestSocklenT.cxx.o
/usr/bin/c++     -o CMakeFiles/cmTryCompileExec573521413.dir/igtlTestSocklenT.cxx.o -c /home/snr/Support/Plus-build-codeblocks/OpenIGTLink/CMake/igtlTestSocklenT.cxx
Linking CXX executable cmTryCompileExec573521413
/usr/bin/cmake -E cmake_link_script CMakeFiles/cmTryCompileExec573521413.dir/link.txt --verbose=1
/usr/bin/c++         CMakeFiles/cmTryCompileExec573521413.dir/igtlTestSocklenT.cxx.o  -o cmTryCompileExec573521413 -rdynamic 
make[4]: Leaving directory `/home/snr/Support/Plus-build-codeblocks/OpenIGTLink-bin/CMakeTmp/SocklenT/CMakeFiles/CMakeTmp'
make[3]: Leaving directory `/home/snr/Support/Plus-build-codeblocks/OpenIGTLink-bin/CMakeTmp/SocklenT/CMakeFiles/CMakeTmp'


Determining if the function strnlen exists passed with the following output:
Change Dir: /home/snr/Support/Plus-build-codeblocks/OpenIGTLink-bin/CMakeFiles/CMakeTmp

Run Build Command:/usr/bin/make "cmTryCompileExec1781929647/fast"
make[3]: Entering directory `/home/snr/Support/Plus-build-codeblocks/OpenIGTLink-bin/CMakeFiles/CMakeTmp'
/usr/bin/make -f CMakeFiles/cmTryCompileExec1781929647.dir/build.make CMakeFiles/cmTryCompileExec1781929647.dir/build
make[4]: Entering directory `/home/snr/Support/Plus-build-codeblocks/OpenIGTLink-bin/CMakeFiles/CMakeTmp'
/usr/bin/cmake -E cmake_progress_report /home/snr/Support/Plus-build-codeblocks/OpenIGTLink-bin/CMakeFiles/CMakeTmp/CMakeFiles 1
Building C object CMakeFiles/cmTryCompileExec1781929647.dir/CheckFunctionExists.c.o
/usr/bin/cc   -DCHECK_FUNCTION_EXISTS=strnlen   -o CMakeFiles/cmTryCompileExec1781929647.dir/CheckFunctionExists.c.o   -c /usr/share/cmake-2.8/Modules/CheckFunctionExists.c
Linking C executable cmTryCompileExec1781929647
/usr/bin/cmake -E cmake_link_script CMakeFiles/cmTryCompileExec1781929647.dir/link.txt --verbose=1
/usr/bin/cc    -DCHECK_FUNCTION_EXISTS=strnlen    CMakeFiles/cmTryCompileExec1781929647.dir/CheckFunctionExists.c.o  -o cmTryCompileExec1781929647 -rdynamic 
make[4]: Leaving directory `/home/snr/Support/Plus-build-codeblocks/OpenIGTLink-bin/CMakeFiles/CMakeTmp'
make[3]: Leaving directory `/home/snr/Support/Plus-build-codeblocks/OpenIGTLink-bin/CMakeFiles/CMakeTmp'


Determining if the SO_REUSEADDR exist passed with the following output:
Change Dir: /home/snr/Support/Plus-build-codeblocks/OpenIGTLink-bin/CMakeFiles/CMakeTmp

Run Build Command:/usr/bin/make "cmTryCompileExec992965873/fast"
make[3]: Entering directory `/home/snr/Support/Plus-build-codeblocks/OpenIGTLink-bin/CMakeFiles/CMakeTmp'
/usr/bin/make -f CMakeFiles/cmTryCompileExec992965873.dir/build.make CMakeFiles/cmTryCompileExec992965873.dir/build
make[4]: Entering directory `/home/snr/Support/Plus-build-codeblocks/OpenIGTLink-bin/CMakeFiles/CMakeTmp'
/usr/bin/cmake -E cmake_progress_report /home/snr/Support/Plus-build-codeblocks/OpenIGTLink-bin/CMakeFiles/CMakeTmp/CMakeFiles 1
Building C object CMakeFiles/cmTryCompileExec992965873.dir/CheckSymbolExists.c.o
/usr/bin/cc    -o CMakeFiles/cmTryCompileExec992965873.dir/CheckSymbolExists.c.o   -c /home/snr/Support/Plus-build-codeblocks/OpenIGTLink-bin/CMakeFiles/CMakeTmp/CheckSymbolExists.c
Linking C executable cmTryCompileExec992965873
/usr/bin/cmake -E cmake_link_script CMakeFiles/cmTryCompileExec992965873.dir/link.txt --verbose=1
/usr/bin/cc        CMakeFiles/cmTryCompileExec992965873.dir/CheckSymbolExists.c.o  -o cmTryCompileExec992965873 -rdynamic 
make[4]: Leaving directory `/home/snr/Support/Plus-build-codeblocks/OpenIGTLink-bin/CMakeFiles/CMakeTmp'
make[3]: Leaving directory `/home/snr/Support/Plus-build-codeblocks/OpenIGTLink-bin/CMakeFiles/CMakeTmp'

File /home/snr/Support/Plus-build-codeblocks/OpenIGTLink-bin/CMakeFiles/CMakeTmp/CheckSymbolExists.c:
/* */
#include <sys/types.h>
#include <sys/socket.h>

int main(int argc, char** argv)
{
  (void)argv;
#ifndef SO_REUSEADDR
  return ((int*)(&SO_REUSEADDR))[argc];
#else
  (void)argc;
  return 0;
#endif
}

Determining if the include file sys/types.h exists passed with the following output:
Change Dir: /home/snr/Support/Plus-build-codeblocks/OpenIGTLink-bin/CMakeFiles/CMakeTmp

Run Build Command:/usr/bin/make "cmTryCompileExec2641170810/fast"
make[3]: Entering directory `/home/snr/Support/Plus-build-codeblocks/OpenIGTLink-bin/CMakeFiles/CMakeTmp'
/usr/bin/make -f CMakeFiles/cmTryCompileExec2641170810.dir/build.make CMakeFiles/cmTryCompileExec2641170810.dir/build
make[4]: Entering directory `/home/snr/Support/Plus-build-codeblocks/OpenIGTLink-bin/CMakeFiles/CMakeTmp'
/usr/bin/cmake -E cmake_progress_report /home/snr/Support/Plus-build-codeblocks/OpenIGTLink-bin/CMakeFiles/CMakeTmp/CMakeFiles 1
Building C object CMakeFiles/cmTryCompileExec2641170810.dir/CheckIncludeFile.c.o
/usr/bin/cc    -o CMakeFiles/cmTryCompileExec2641170810.dir/CheckIncludeFile.c.o   -c /home/snr/Support/Plus-build-codeblocks/OpenIGTLink-bin/CMakeFiles/CMakeTmp/CheckIncludeFile.c
Linking C executable cmTryCompileExec2641170810
/usr/bin/cmake -E cmake_link_script CMakeFiles/cmTryCompileExec2641170810.dir/link.txt --verbose=1
/usr/bin/cc        CMakeFiles/cmTryCompileExec2641170810.dir/CheckIncludeFile.c.o  -o cmTryCompileExec2641170810 -rdynamic 
make[4]: Leaving directory `/home/snr/Support/Plus-build-codeblocks/OpenIGTLink-bin/CMakeFiles/CMakeTmp'
make[3]: Leaving directory `/home/snr/Support/Plus-build-codeblocks/OpenIGTLink-bin/CMakeFiles/CMakeTmp'


Determining if the include file stdint.h exists passed with the following output:
Change Dir: /home/snr/Support/Plus-build-codeblocks/OpenIGTLink-bin/CMakeFiles/CMakeTmp

Run Build Command:/usr/bin/make "cmTryCompileExec1614641022/fast"
make[3]: Entering directory `/home/snr/Support/Plus-build-codeblocks/OpenIGTLink-bin/CMakeFiles/CMakeTmp'
/usr/bin/make -f CMakeFiles/cmTryCompileExec1614641022.dir/build.make CMakeFiles/cmTryCompileExec1614641022.dir/build
make[4]: Entering directory `/home/snr/Support/Plus-build-codeblocks/OpenIGTLink-bin/CMakeFiles/CMakeTmp'
/usr/bin/cmake -E cmake_progress_report /home/snr/Support/Plus-build-codeblocks/OpenIGTLink-bin/CMakeFiles/CMakeTmp/CMakeFiles 1
Building C object CMakeFiles/cmTryCompileExec1614641022.dir/CheckIncludeFile.c.o
/usr/bin/cc    -o CMakeFiles/cmTryCompileExec1614641022.dir/CheckIncludeFile.c.o   -c /home/snr/Support/Plus-build-codeblocks/OpenIGTLink-bin/CMakeFiles/CMakeTmp/CheckIncludeFile.c
Linking C executable cmTryCompileExec1614641022
/usr/bin/cmake -E cmake_link_script CMakeFiles/cmTryCompileExec1614641022.dir/link.txt --verbose=1
/usr/bin/cc        CMakeFiles/cmTryCompileExec1614641022.dir/CheckIncludeFile.c.o  -o cmTryCompileExec1614641022 -rdynamic 
make[4]: Leaving directory `/home/snr/Support/Plus-build-codeblocks/OpenIGTLink-bin/CMakeFiles/CMakeTmp'
make[3]: Leaving directory `/home/snr/Support/Plus-build-codeblocks/OpenIGTLink-bin/CMakeFiles/CMakeTmp'


Determining if the include file stddef.h exists passed with the following output:
Change Dir: /home/snr/Support/Plus-build-codeblocks/OpenIGTLink-bin/CMakeFiles/CMakeTmp

Run Build Command:/usr/bin/make "cmTryCompileExec113844894/fast"
make[3]: Entering directory `/home/snr/Support/Plus-build-codeblocks/OpenIGTLink-bin/CMakeFiles/CMakeTmp'
/usr/bin/make -f CMakeFiles/cmTryCompileExec113844894.dir/build.make CMakeFiles/cmTryCompileExec113844894.dir/build
make[4]: Entering directory `/home/snr/Support/Plus-build-codeblocks/OpenIGTLink-bin/CMakeFiles/CMakeTmp'
/usr/bin/cmake -E cmake_progress_report /home/snr/Support/Plus-build-codeblocks/OpenIGTLink-bin/CMakeFiles/CMakeTmp/CMakeFiles 1
Building C object CMakeFiles/cmTryCompileExec113844894.dir/CheckIncludeFile.c.o
/usr/bin/cc    -o CMakeFiles/cmTryCompileExec113844894.dir/CheckIncludeFile.c.o   -c /home/snr/Support/Plus-build-codeblocks/OpenIGTLink-bin/CMakeFiles/CMakeTmp/CheckIncludeFile.c
Linking C executable cmTryCompileExec113844894
/usr/bin/cmake -E cmake_link_script CMakeFiles/cmTryCompileExec113844894.dir/link.txt --verbose=1
/usr/bin/cc        CMakeFiles/cmTryCompileExec113844894.dir/CheckIncludeFile.c.o  -o cmTryCompileExec113844894 -rdynamic 
make[4]: Leaving directory `/home/snr/Support/Plus-build-codeblocks/OpenIGTLink-bin/CMakeFiles/CMakeTmp'
make[3]: Leaving directory `/home/snr/Support/Plus-build-codeblocks/OpenIGTLink-bin/CMakeFiles/CMakeTmp'


Determining size of int passed with the following output:
Change Dir: /home/snr/Support/Plus-build-codeblocks/OpenIGTLink-bin/CMakeFiles/CMakeTmp

Run Build Command:/usr/bin/make "cmTryCompileExec533969019/fast"
make[3]: Entering directory `/home/snr/Support/Plus-build-codeblocks/OpenIGTLink-bin/CMakeFiles/CMakeTmp'
/usr/bin/make -f CMakeFiles/cmTryCompileExec533969019.dir/build.make CMakeFiles/cmTryCompileExec533969019.dir/build
make[4]: Entering directory `/home/snr/Support/Plus-build-codeblocks/OpenIGTLink-bin/CMakeFiles/CMakeTmp'
/usr/bin/cmake -E cmake_progress_report /home/snr/Support/Plus-build-codeblocks/OpenIGTLink-bin/CMakeFiles/CMakeTmp/CMakeFiles 1
Building C object CMakeFiles/cmTryCompileExec533969019.dir/CMAKE_SIZEOF_INT.c.o
/usr/bin/cc    -o CMakeFiles/cmTryCompileExec533969019.dir/CMAKE_SIZEOF_INT.c.o   -c /home/snr/Support/Plus-build-codeblocks/OpenIGTLink-bin/CMakeFiles/CheckTypeSize/CMAKE_SIZEOF_INT.c
Linking C executable cmTryCompileExec533969019
/usr/bin/cmake -E cmake_link_script CMakeFiles/cmTryCompileExec533969019.dir/link.txt --verbose=1
/usr/bin/cc        CMakeFiles/cmTryCompileExec533969019.dir/CMAKE_SIZEOF_INT.c.o  -o cmTryCompileExec533969019 -rdynamic 
make[4]: Leaving directory `/home/snr/Support/Plus-build-codeblocks/OpenIGTLink-bin/CMakeFiles/CMakeTmp'
make[3]: Leaving directory `/home/snr/Support/Plus-build-codeblocks/OpenIGTLink-bin/CMakeFiles/CMakeTmp'


Determining size of long passed with the following output:
Change Dir: /home/snr/Support/Plus-build-codeblocks/OpenIGTLink-bin/CMakeFiles/CMakeTmp

Run Build Command:/usr/bin/make "cmTryCompileExec2138315706/fast"
make[3]: Entering directory `/home/snr/Support/Plus-build-codeblocks/OpenIGTLink-bin/CMakeFiles/CMakeTmp'
/usr/bin/make -f CMakeFiles/cmTryCompileExec2138315706.dir/build.make CMakeFiles/cmTryCompileExec2138315706.dir/build
make[4]: Entering directory `/home/snr/Support/Plus-build-codeblocks/OpenIGTLink-bin/CMakeFiles/CMakeTmp'
/usr/bin/cmake -E cmake_progress_report /home/snr/Support/Plus-build-codeblocks/OpenIGTLink-bin/CMakeFiles/CMakeTmp/CMakeFiles 1
Building C object CMakeFiles/cmTryCompileExec2138315706.dir/CMAKE_SIZEOF_LONG.c.o
/usr/bin/cc    -o CMakeFiles/cmTryCompileExec2138315706.dir/CMAKE_SIZEOF_LONG.c.o   -c /home/snr/Support/Plus-build-codeblocks/OpenIGTLink-bin/CMakeFiles/CheckTypeSize/CMAKE_SIZEOF_LONG.c
Linking C executable cmTryCompileExec2138315706
/usr/bin/cmake -E cmake_link_script CMakeFiles/cmTryCompileExec2138315706.dir/link.txt --verbose=1
/usr/bin/cc        CMakeFiles/cmTryCompileExec2138315706.dir/CMAKE_SIZEOF_LONG.c.o  -o cmTryCompileExec2138315706 -rdynamic 
make[4]: Leaving directory `/home/snr/Support/Plus-build-codeblocks/OpenIGTLink-bin/CMakeFiles/CMakeTmp'
make[3]: Leaving directory `/home/snr/Support/Plus-build-codeblocks/OpenIGTLink-bin/CMakeFiles/CMakeTmp'


Determining size of void* passed with the following output:
Change Dir: /home/snr/Support/Plus-build-codeblocks/OpenIGTLink-bin/CMakeFiles/CMakeTmp

Run Build Command:/usr/bin/make "cmTryCompileExec2228262922/fast"
make[3]: Entering directory `/home/snr/Support/Plus-build-codeblocks/OpenIGTLink-bin/CMakeFiles/CMakeTmp'
/usr/bin/make -f CMakeFiles/cmTryCompileExec2228262922.dir/build.make CMakeFiles/cmTryCompileExec2228262922.dir/build
make[4]: Entering directory `/home/snr/Support/Plus-build-codeblocks/OpenIGTLink-bin/CMakeFiles/CMakeTmp'
/usr/bin/cmake -E cmake_progress_report /home/snr/Support/Plus-build-codeblocks/OpenIGTLink-bin/CMakeFiles/CMakeTmp/CMakeFiles 1
Building C object CMakeFiles/cmTryCompileExec2228262922.dir/CMAKE_SIZEOF_VOID_P.c.o
/usr/bin/cc    -o CMakeFiles/cmTryCompileExec2228262922.dir/CMAKE_SIZEOF_VOID_P.c.o   -c /home/snr/Support/Plus-build-codeblocks/OpenIGTLink-bin/CMakeFiles/CheckTypeSize/CMAKE_SIZEOF_VOID_P.c
Linking C executable cmTryCompileExec2228262922
/usr/bin/cmake -E cmake_link_script CMakeFiles/cmTryCompileExec2228262922.dir/link.txt --verbose=1
/usr/bin/cc        CMakeFiles/cmTryCompileExec2228262922.dir/CMAKE_SIZEOF_VOID_P.c.o  -o cmTryCompileExec2228262922 -rdynamic 
make[4]: Leaving directory `/home/snr/Support/Plus-build-codeblocks/OpenIGTLink-bin/CMakeFiles/CMakeTmp'
make[3]: Leaving directory `/home/snr/Support/Plus-build-codeblocks/OpenIGTLink-bin/CMakeFiles/CMakeTmp'


Determining size of char passed with the following output:
Change Dir: /home/snr/Support/Plus-build-codeblocks/OpenIGTLink-bin/CMakeFiles/CMakeTmp

Run Build Command:/usr/bin/make "cmTryCompileExec512204952/fast"
make[3]: Entering directory `/home/snr/Support/Plus-build-codeblocks/OpenIGTLink-bin/CMakeFiles/CMakeTmp'
/usr/bin/make -f CMakeFiles/cmTryCompileExec512204952.dir/build.make CMakeFiles/cmTryCompileExec512204952.dir/build
make[4]: Entering directory `/home/snr/Support/Plus-build-codeblocks/OpenIGTLink-bin/CMakeFiles/CMakeTmp'
/usr/bin/cmake -E cmake_progress_report /home/snr/Support/Plus-build-codeblocks/OpenIGTLink-bin/CMakeFiles/CMakeTmp/CMakeFiles 1
Building C object CMakeFiles/cmTryCompileExec512204952.dir/CMAKE_SIZEOF_CHAR.c.o
/usr/bin/cc    -o CMakeFiles/cmTryCompileExec512204952.dir/CMAKE_SIZEOF_CHAR.c.o   -c /home/snr/Support/Plus-build-codeblocks/OpenIGTLink-bin/CMakeFiles/CheckTypeSize/CMAKE_SIZEOF_CHAR.c
Linking C executable cmTryCompileExec512204952
/usr/bin/cmake -E cmake_link_script CMakeFiles/cmTryCompileExec512204952.dir/link.txt --verbose=1
/usr/bin/cc        CMakeFiles/cmTryCompileExec512204952.dir/CMAKE_SIZEOF_CHAR.c.o  -o cmTryCompileExec512204952 -rdynamic 
make[4]: Leaving directory `/home/snr/Support/Plus-build-codeblocks/OpenIGTLink-bin/CMakeFiles/CMakeTmp'
make[3]: Leaving directory `/home/snr/Support/Plus-build-codeblocks/OpenIGTLink-bin/CMakeFiles/CMakeTmp'


Determining size of short passed with the following output:
Change Dir: /home/snr/Support/Plus-build-codeblocks/OpenIGTLink-bin/CMakeFiles/CMakeTmp

Run Build Command:/usr/bin/make "cmTryCompileExec58202006/fast"
make[3]: Entering directory `/home/snr/Support/Plus-build-codeblocks/OpenIGTLink-bin/CMakeFiles/CMakeTmp'
/usr/bin/make -f CMakeFiles/cmTryCompileExec58202006.dir/build.make CMakeFiles/cmTryCompileExec58202006.dir/build
make[4]: Entering directory `/home/snr/Support/Plus-build-codeblocks/OpenIGTLink-bin/CMakeFiles/CMakeTmp'
/usr/bin/cmake -E cmake_progress_report /home/snr/Support/Plus-build-codeblocks/OpenIGTLink-bin/CMakeFiles/CMakeTmp/CMakeFiles 1
Building C object CMakeFiles/cmTryCompileExec58202006.dir/CMAKE_SIZEOF_SHORT.c.o
/usr/bin/cc    -o CMakeFiles/cmTryCompileExec58202006.dir/CMAKE_SIZEOF_SHORT.c.o   -c /home/snr/Support/Plus-build-codeblocks/OpenIGTLink-bin/CMakeFiles/CheckTypeSize/CMAKE_SIZEOF_SHORT.c
Linking C executable cmTryCompileExec58202006
/usr/bin/cmake -E cmake_link_script CMakeFiles/cmTryCompileExec58202006.dir/link.txt --verbose=1
/usr/bin/cc        CMakeFiles/cmTryCompileExec58202006.dir/CMAKE_SIZEOF_SHORT.c.o  -o cmTryCompileExec58202006 -rdynamic 
make[4]: Leaving directory `/home/snr/Support/Plus-build-codeblocks/OpenIGTLink-bin/CMakeFiles/CMakeTmp'
make[3]: Leaving directory `/home/snr/Support/Plus-build-codeblocks/OpenIGTLink-bin/CMakeFiles/CMakeTmp'


Determining size of float passed with the following output:
Change Dir: /home/snr/Support/Plus-build-codeblocks/OpenIGTLink-bin/CMakeFiles/CMakeTmp

Run Build Command:/usr/bin/make "cmTryCompileExec1026987228/fast"
make[3]: Entering directory `/home/snr/Support/Plus-build-codeblocks/OpenIGTLink-bin/CMakeFiles/CMakeTmp'
/usr/bin/make -f CMakeFiles/cmTryCompileExec1026987228.dir/build.make CMakeFiles/cmTryCompileExec1026987228.dir/build
make[4]: Entering directory `/home/snr/Support/Plus-build-codeblocks/OpenIGTLink-bin/CMakeFiles/CMakeTmp'
/usr/bin/cmake -E cmake_progress_report /home/snr/Support/Plus-build-codeblocks/OpenIGTLink-bin/CMakeFiles/CMakeTmp/CMakeFiles 1
Building C object CMakeFiles/cmTryCompileExec1026987228.dir/CMAKE_SIZEOF_FLOAT.c.o
/usr/bin/cc    -o CMakeFiles/cmTryCompileExec1026987228.dir/CMAKE_SIZEOF_FLOAT.c.o   -c /home/snr/Support/Plus-build-codeblocks/OpenIGTLink-bin/CMakeFiles/CheckTypeSize/CMAKE_SIZEOF_FLOAT.c
Linking C executable cmTryCompileExec1026987228
/usr/bin/cmake -E cmake_link_script CMakeFiles/cmTryCompileExec1026987228.dir/link.txt --verbose=1
/usr/bin/cc        CMakeFiles/cmTryCompileExec1026987228.dir/CMAKE_SIZEOF_FLOAT.c.o  -o cmTryCompileExec1026987228 -rdynamic 
make[4]: Leaving directory `/home/snr/Support/Plus-build-codeblocks/OpenIGTLink-bin/CMakeFiles/CMakeTmp'
make[3]: Leaving directory `/home/snr/Support/Plus-build-codeblocks/OpenIGTLink-bin/CMakeFiles/CMakeTmp'


Determining size of double passed with the following output:
Change Dir: /home/snr/Support/Plus-build-codeblocks/OpenIGTLink-bin/CMakeFiles/CMakeTmp

Run Build Command:/usr/bin/make "cmTryCompileExec3769833694/fast"
make[3]: Entering directory `/home/snr/Support/Plus-build-codeblocks/OpenIGTLink-bin/CMakeFiles/CMakeTmp'
/usr/bin/make -f CMakeFiles/cmTryCompileExec3769833694.dir/build.make CMakeFiles/cmTryCompileExec3769833694.dir/build
make[4]: Entering directory `/home/snr/Support/Plus-build-codeblocks/OpenIGTLink-bin/CMakeFiles/CMakeTmp'
/usr/bin/cmake -E cmake_progress_report /home/snr/Support/Plus-build-codeblocks/OpenIGTLink-bin/CMakeFiles/CMakeTmp/CMakeFiles 1
Building C object CMakeFiles/cmTryCompileExec3769833694.dir/CMAKE_SIZEOF_DOUBLE.c.o
/usr/bin/cc    -o CMakeFiles/cmTryCompileExec3769833694.dir/CMAKE_SIZEOF_DOUBLE.c.o   -c /home/snr/Support/Plus-build-codeblocks/OpenIGTLink-bin/CMakeFiles/CheckTypeSize/CMAKE_SIZEOF_DOUBLE.c
Linking C executable cmTryCompileExec3769833694
/usr/bin/cmake -E cmake_link_script CMakeFiles/cmTryCompileExec3769833694.dir/link.txt --verbose=1
/usr/bin/cc        CMakeFiles/cmTryCompileExec3769833694.dir/CMAKE_SIZEOF_DOUBLE.c.o  -o cmTryCompileExec3769833694 -rdynamic 
make[4]: Leaving directory `/home/snr/Support/Plus-build-codeblocks/OpenIGTLink-bin/CMakeFiles/CMakeTmp'
make[3]: Leaving directory `/home/snr/Support/Plus-build-codeblocks/OpenIGTLink-bin/CMakeFiles/CMakeTmp'


Determining size of long long passed with the following output:
Change Dir: /home/snr/Support/Plus-build-codeblocks/OpenIGTLink-bin/CMakeFiles/CMakeTmp

Run Build Command:/usr/bin/make "cmTryCompileExec162698034/fast"
make[3]: Entering directory `/home/snr/Support/Plus-build-codeblocks/OpenIGTLink-bin/CMakeFiles/CMakeTmp'
/usr/bin/make -f CMakeFiles/cmTryCompileExec162698034.dir/build.make CMakeFiles/cmTryCompileExec162698034.dir/build
make[4]: Entering directory `/home/snr/Support/Plus-build-codeblocks/OpenIGTLink-bin/CMakeFiles/CMakeTmp'
/usr/bin/cmake -E cmake_progress_report /home/snr/Support/Plus-build-codeblocks/OpenIGTLink-bin/CMakeFiles/CMakeTmp/CMakeFiles 1
Building C object CMakeFiles/cmTryCompileExec162698034.dir/CMAKE_SIZEOF_LONG_LONG.c.o
/usr/bin/cc    -o CMakeFiles/cmTryCompileExec162698034.dir/CMAKE_SIZEOF_LONG_LONG.c.o   -c /home/snr/Support/Plus-build-codeblocks/OpenIGTLink-bin/CMakeFiles/CheckTypeSize/CMAKE_SIZEOF_LONG_LONG.c
Linking C executable cmTryCompileExec162698034
/usr/bin/cmake -E cmake_link_script CMakeFiles/cmTryCompileExec162698034.dir/link.txt --verbose=1
/usr/bin/cc        CMakeFiles/cmTryCompileExec162698034.dir/CMAKE_SIZEOF_LONG_LONG.c.o  -o cmTryCompileExec162698034 -rdynamic 
make[4]: Leaving directory `/home/snr/Support/Plus-build-codeblocks/OpenIGTLink-bin/CMakeFiles/CMakeTmp'
make[3]: Leaving directory `/home/snr/Support/Plus-build-codeblocks/OpenIGTLink-bin/CMakeFiles/CMakeTmp'


Determining size of int64_t passed with the following output:
Change Dir: /home/snr/Support/Plus-build-codeblocks/OpenIGTLink-bin/CMakeFiles/CMakeTmp

Run Build Command:/usr/bin/make "cmTryCompileExec2906936825/fast"
make[3]: Entering directory `/home/snr/Support/Plus-build-codeblocks/OpenIGTLink-bin/CMakeFiles/CMakeTmp'
/usr/bin/make -f CMakeFiles/cmTryCompileExec2906936825.dir/build.make CMakeFiles/cmTryCompileExec2906936825.dir/build
make[4]: Entering directory `/home/snr/Support/Plus-build-codeblocks/OpenIGTLink-bin/CMakeFiles/CMakeTmp'
/usr/bin/cmake -E cmake_progress_report /home/snr/Support/Plus-build-codeblocks/OpenIGTLink-bin/CMakeFiles/CMakeTmp/CMakeFiles 1
Building C object CMakeFiles/cmTryCompileExec2906936825.dir/CMAKE_SIZEOF_INT64_T.c.o
/usr/bin/cc    -o CMakeFiles/cmTryCompileExec2906936825.dir/CMAKE_SIZEOF_INT64_T.c.o   -c /home/snr/Support/Plus-build-codeblocks/OpenIGTLink-bin/CMakeFiles/CheckTypeSize/CMAKE_SIZEOF_INT64_T.c
Linking C executable cmTryCompileExec2906936825
/usr/bin/cmake -E cmake_link_script CMakeFiles/cmTryCompileExec2906936825.dir/link.txt --verbose=1
/usr/bin/cc        CMakeFiles/cmTryCompileExec2906936825.dir/CMAKE_SIZEOF_INT64_T.c.o  -o cmTryCompileExec2906936825 -rdynamic 
make[4]: Leaving directory `/home/snr/Support/Plus-build-codeblocks/OpenIGTLink-bin/CMakeFiles/CMakeTmp'
make[3]: Leaving directory `/home/snr/Support/Plus-build-codeblocks/OpenIGTLink-bin/CMakeFiles/CMakeTmp'


